<?xml version="1.0" encoding="UTF-8"?>
<!-- Generated by org.testng.reporters.JUnitReportReporter -->
<testsuite hostname="DESKTOP-7IBMVUC" failures="0" tests="1" name="com.nopcommerce.testCases.TC_LoginTest_001" time="11.637" errors="0" timestamp="12 Jun 2019 15:37:56 GMT" skipped="0">
  <testcase classname="com.nopcommerce.testCases.TC_LoginTest_001" name="loginTest" time="11.637"/>
</testsuite> <!-- com.nopcommerce.testCases.TC_LoginTest_001 -->
