<?xml version="1.0" encoding="UTF-8"?>
<!-- Generated by org.testng.reporters.JUnitReportReporter -->
<testsuite hostname="DESKTOP-7IBMVUC" failures="0" tests="1" name="com.nopcommerce.testCases.TC_AddCustomerTest_003" time="16.095" errors="0" timestamp="12 Jun 2019 15:37:56 GMT" skipped="0">
  <testcase classname="com.nopcommerce.testCases.TC_AddCustomerTest_003" name="addNewCustomer" time="16.095"/>
</testsuite> <!-- com.nopcommerce.testCases.TC_AddCustomerTest_003 -->
